app/build/outputs/logs/manifest-merger-debug-report.txt
-- Merging decision tree log ---
manifest
ADDED from src/main/AndroidManifest.xml:18:1-64:12
INJECTED from src/main/AndroidManifest.xml:18:1-64:12
INJECTED from src/main/AndroidManifest.xml:18:1-64:12
INJECTED from src/main/AndroidManifest.xml:18:1-64:12
MERGED from [com.android.support:multidex:1.0.3] AndroidManifest.xml:17:1-22:12
MERGED from [org.tensorflow:tensorflow-lite:0.0.0-nightly] AndroidManifest.xml:2:1-11:12
MERGED from [com.android.support:design:23.4.0] AndroidManifest.xml:17:1-24:12
MERGED from [com.android.support:appcompat-v7:23.4.0] AndroidManifest.xml:17:1-27:12
MERGED from [com.dji:dji-sdk:4.5.1] AndroidManifest.xml:2:1-75:12
MERGED from [com.android.support:animated-vector-drawable:23.4.0] AndroidManifest.xml:2:1-9:12
MERGED from [com.android.support:support-vector-drawable:23.4.0] AndroidManifest.xml:2:1-9:12
MERGED from [com.android.support:recyclerview-v7:23.4.0] AndroidManifest.xml:17:1-22:12
MERGED from [com.android.support:support-v4:23.4.0] AndroidManifest.xml:17:1-24:12
INJECTED from src/main/AndroidManifest.xml:18:1-64:12
INJECTED from src/main/AndroidManifest.xml:18:1-64:12
INJECTED from src/main/AndroidManifest.xml:18:1-64:12
	package
		ADDED from src/main/AndroidManifest.xml:19:5-39
		INJECTED from src/main/AndroidManifest.xml
		INJECTED from src/main/AndroidManifest.xml
	android:versionName
		INJECTED from src/main/AndroidManifest.xml
		ADDED from src/main/AndroidManifest.xml:18:1-64:12
		INJECTED from src/main/AndroidManifest.xml
	android:versionCode
		INJECTED from src/main/AndroidManifest.xml
		ADDED from src/main/AndroidManifest.xml:18:1-64:12
		INJECTED from src/main/AndroidManifest.xml
	xmlns:android
		ADDED from src/main/AndroidManifest.xml:18:11-69
uses-permission#android.permission.CAMERA
ADDED from src/main/AndroidManifest.xml:21:5-65
MERGED from [com.dji:dji-sdk:4.5.1] AndroidManifest.xml:25:5-65
MERGED from [com.dji:dji-sdk:4.5.1] AndroidManifest.xml:25:5-65
	android:name
		ADDED from src/main/AndroidManifest.xml:21:22-62
uses-feature#android.hardware.camera
ADDED from src/main/AndroidManifest.xml:22:5-60
	android:name
		ADDED from src/main/AndroidManifest.xml:22:19-57
uses-feature#android.hardware.camera.autofocus
ADDED from src/main/AndroidManifest.xml:23:5-70
	android:name
		ADDED from src/main/AndroidManifest.xml:23:19-67
uses-permission#android.permission.WRITE_EXTERNAL_STORAGE
ADDED from src/main/AndroidManifest.xml:24:5-80
MERGED from [com.dji:dji-sdk:4.5.1] AndroidManifest.xml:15:5-81
MERGED from [com.dji:dji-sdk:4.5.1] AndroidManifest.xml:15:5-81
	android:name
		ADDED from src/main/AndroidManifest.xml:24:22-78
uses-permission#android.permission.RECORD_AUDIO
ADDED from src/main/AndroidManifest.xml:25:5-71
MERGED from [com.dji:dji-sdk:4.5.1] AndroidManifest.xml:24:5-71
MERGED from [com.dji:dji-sdk:4.5.1] AndroidManifest.xml:24:5-71
	android:name
		ADDED from src/main/AndroidManifest.xml:25:22-68
uses-sdk
ADDED from src/main/AndroidManifest.xml:27:5-29:41
INJECTED from src/main/AndroidManifest.xml:27:5-29:41
INJECTED from src/main/AndroidManifest.xml:27:5-29:41
MERGED from [com.android.support:multidex:1.0.3] AndroidManifest.xml:20:5-43
MERGED from [com.android.support:multidex:1.0.3] AndroidManifest.xml:20:5-43
MERGED from [org.tensorflow:tensorflow-lite:0.0.0-nightly] AndroidManifest.xml:5:5-7:41
MERGED from [org.tensorflow:tensorflow-lite:0.0.0-nightly] AndroidManifest.xml:5:5-7:41
MERGED from [com.android.support:design:23.4.0] AndroidManifest.xml:20:5-43
MERGED from [com.android.support:design:23.4.0] AndroidManifest.xml:20:5-43
MERGED from [com.android.support:appcompat-v7:23.4.0] AndroidManifest.xml:21:5-23:78
MERGED from [com.android.support:appcompat-v7:23.4.0] AndroidManifest.xml:21:5-23:78
MERGED from [com.dji:dji-sdk:4.5.1] AndroidManifest.xml:7:5-9:41
MERGED from [com.dji:dji-sdk:4.5.1] AndroidManifest.xml:7:5-9:41
MERGED from [com.android.support:animated-vector-drawable:23.4.0] AndroidManifest.xml:5:5-44
MERGED from [com.android.support:animated-vector-drawable:23.4.0] AndroidManifest.xml:5:5-44
MERGED from [com.android.support:support-vector-drawable:23.4.0] AndroidManifest.xml:5:5-43
MERGED from [com.android.support:support-vector-drawable:23.4.0] AndroidManifest.xml:5:5-43
MERGED from [com.android.support:recyclerview-v7:23.4.0] AndroidManifest.xml:20:5-43
MERGED from [com.android.support:recyclerview-v7:23.4.0] AndroidManifest.xml:20:5-43
MERGED from [com.android.support:support-v4:23.4.0] AndroidManifest.xml:20:5-43
MERGED from [com.android.support:support-v4:23.4.0] AndroidManifest.xml:20:5-43
INJECTED from src/main/AndroidManifest.xml:27:5-29:41
INJECTED from src/main/AndroidManifest.xml:27:5-29:41
	tools:overrideLibrary
		ADDED from [com.android.support:appcompat-v7:23.4.0] AndroidManifest.xml:23:9-75
	android:targetSdkVersion
		ADDED from src/main/AndroidManifest.xml:29:9-38
		INJECTED from src/main/AndroidManifest.xml
		INJECTED from src/main/AndroidManifest.xml
	android:minSdkVersion
		ADDED from src/main/AndroidManifest.xml:28:9-35
		INJECTED from src/main/AndroidManifest.xml
		INJECTED from src/main/AndroidManifest.xml
application
ADDED from src/main/AndroidManifest.xml:31:5-62:19
MERGED from [org.tensorflow:tensorflow-lite:0.0.0-nightly] AndroidManifest.xml:9:5-20
MERGED from [org.tensorflow:tensorflow-lite:0.0.0-nightly] AndroidManifest.xml:9:5-20
MERGED from [com.android.support:design:23.4.0] AndroidManifest.xml:22:5-20
MERGED from [com.android.support:design:23.4.0] AndroidManifest.xml:22:5-20
MERGED from [com.android.support:appcompat-v7:23.4.0] AndroidManifest.xml:25:5-20
MERGED from [com.android.support:appcompat-v7:23.4.0] AndroidManifest.xml:25:5-20
MERGED from [com.dji:dji-sdk:4.5.1] AndroidManifest.xml:60:5-73:19
MERGED from [com.dji:dji-sdk:4.5.1] AndroidManifest.xml:60:5-73:19
MERGED from [com.android.support:animated-vector-drawable:23.4.0] AndroidManifest.xml:7:5-20
MERGED from [com.android.support:animated-vector-drawable:23.4.0] AndroidManifest.xml:7:5-20
MERGED from [com.android.support:support-vector-drawable:23.4.0] AndroidManifest.xml:7:5-20
MERGED from [com.android.support:support-vector-drawable:23.4.0] AndroidManifest.xml:7:5-20
MERGED from [com.android.support:support-v4:23.4.0] AndroidManifest.xml:22:5-20
MERGED from [com.android.support:support-v4:23.4.0] AndroidManifest.xml:22:5-20
	android:label
		ADDED from src/main/AndroidManifest.xml:32:9-41
	android:icon
		ADDED from src/main/AndroidManifest.xml:33:9-45
	android:allowBackup
		ADDED from src/main/AndroidManifest.xml:31:18-44
	android:theme
		ADDED from src/main/AndroidManifest.xml:34:9-45
activity#org.tensorflow.demo.ClassifierActivity
ADDED from src/main/AndroidManifest.xml:36:9-43:20
	android:screenOrientation
		ADDED from src/main/AndroidManifest.xml:37:19-55
	android:label
		ADDED from src/main/AndroidManifest.xml:38:19-71
	android:name
		ADDED from src/main/AndroidManifest.xml:36:19-72
activity#org.tensorflow.demo.DetectorActivity
ADDED from src/main/AndroidManifest.xml:45:9-52:20
	android:screenOrientation
		ADDED from src/main/AndroidManifest.xml:46:19-55
	android:label
		ADDED from src/main/AndroidManifest.xml:47:19-66
	android:name
		ADDED from src/main/AndroidManifest.xml:45:19-70
intent-filter#action:name:android.intent.action.MAIN+category:name:android.intent.category.LAUNCHER
ADDED from src/main/AndroidManifest.xml:48:13-51:29
action#android.intent.action.MAIN
ADDED from src/main/AndroidManifest.xml:49:17-69
	android:name
		ADDED from src/main/AndroidManifest.xml:49:25-66
category#android.intent.category.LAUNCHER
ADDED from src/main/AndroidManifest.xml:50:17-77
	android:name
		ADDED from src/main/AndroidManifest.xml:50:27-74
activity#org.tensorflow.demo.SpeechActivity
ADDED from src/main/AndroidManifest.xml:54:9-61:20
	android:screenOrientation
		ADDED from src/main/AndroidManifest.xml:55:13-49
	android:label
		ADDED from src/main/AndroidManifest.xml:56:13-57
	android:name
		ADDED from src/main/AndroidManifest.xml:54:19-68
uses-permission#android.permission.BLUETOOTH
ADDED from [com.dji:dji-sdk:4.5.1] AndroidManifest.xml:11:5-68
	android:name
		ADDED from [com.dji:dji-sdk:4.5.1] AndroidManifest.xml:11:22-65
uses-permission#android.permission.BLUETOOTH_ADMIN
ADDED from [com.dji:dji-sdk:4.5.1] AndroidManifest.xml:12:5-74
	android:name
		ADDED from [com.dji:dji-sdk:4.5.1] AndroidManifest.xml:12:22-71
uses-permission#android.permission.ACCESS_NETWORK_STATE
ADDED from [com.dji:dji-sdk:4.5.1] AndroidManifest.xml:13:5-79
	android:name
		ADDED from [com.dji:dji-sdk:4.5.1] AndroidManifest.xml:13:22-76
uses-permission#com.google.android.providers.gsf.permission.READ_GSERVICES
ADDED from [com.dji:dji-sdk:4.5.1] AndroidManifest.xml:14:5-98
	android:name
		ADDED from [com.dji:dji-sdk:4.5.1] AndroidManifest.xml:14:22-95
uses-permission#android.permission.WRITE_USER_DICTIONARY
ADDED from [com.dji:dji-sdk:4.5.1] AndroidManifest.xml:16:5-80
	android:name
		ADDED from [com.dji:dji-sdk:4.5.1] AndroidManifest.xml:16:22-77
uses-permission#android.permission.ACCESS_COARSE_LOCATION
ADDED from [com.dji:dji-sdk:4.5.1] AndroidManifest.xml:17:5-81
	android:name
		ADDED from [com.dji:dji-sdk:4.5.1] AndroidManifest.xml:17:22-78
uses-permission#android.permission.ACCESS_FINE_LOCATION
ADDED from [com.dji:dji-sdk:4.5.1] AndroidManifest.xml:18:5-79
	android:name
		ADDED from [com.dji:dji-sdk:4.5.1] AndroidManifest.xml:18:22-76
uses-permission#android.permission.CHANGE_CONFIGURATION
ADDED from [com.dji:dji-sdk:4.5.1] AndroidManifest.xml:19:5-79
	android:name
		ADDED from [com.dji:dji-sdk:4.5.1] AndroidManifest.xml:19:22-76
uses-permission#android.permission.WAKE_LOCK
ADDED from [com.dji:dji-sdk:4.5.1] AndroidManifest.xml:20:5-68
	android:name
		ADDED from [com.dji:dji-sdk:4.5.1] AndroidManifest.xml:20:22-65
uses-permission#android.permission.ACCESS_WIFI_STATE
ADDED from [com.dji:dji-sdk:4.5.1] AndroidManifest.xml:21:5-76
	android:name
		ADDED from [com.dji:dji-sdk:4.5.1] AndroidManifest.xml:21:22-73
uses-permission#android.permission.CHANGE_NETWORK_STATE
ADDED from [com.dji:dji-sdk:4.5.1] AndroidManifest.xml:22:5-79
	android:name
		ADDED from [com.dji:dji-sdk:4.5.1] AndroidManifest.xml:22:22-76
uses-permission#android.permission.SYSTEM_ALERT_WINDOW
ADDED from [com.dji:dji-sdk:4.5.1] AndroidManifest.xml:23:5-78
	android:name
		ADDED from [com.dji:dji-sdk:4.5.1] AndroidManifest.xml:23:22-75
uses-permission#android.permission.MOUNT_UNMOUNT_FILESYSTEMS
ADDED from [com.dji:dji-sdk:4.5.1] AndroidManifest.xml:26:5-84
	android:name
		ADDED from [com.dji:dji-sdk:4.5.1] AndroidManifest.xml:26:22-81
uses-permission#android.permission.RECEIVE_BOOT_COMPLETED
ADDED from [com.dji:dji-sdk:4.5.1] AndroidManifest.xml:29:5-81
	android:name
		ADDED from [com.dji:dji-sdk:4.5.1] AndroidManifest.xml:29:22-78
uses-permission#android.permission.BROADCAST_STICKY
ADDED from [com.dji:dji-sdk:4.5.1] AndroidManifest.xml:30:5-75
	android:name
		ADDED from [com.dji:dji-sdk:4.5.1] AndroidManifest.xml:30:22-72
uses-permission#android.permission.WRITE_SETTINGS
ADDED from [com.dji:dji-sdk:4.5.1] AndroidManifest.xml:31:5-73
	android:name
		ADDED from [com.dji:dji-sdk:4.5.1] AndroidManifest.xml:31:22-70
uses-permission#android.permission.RECEIVE_USER_PRESENT
ADDED from [com.dji:dji-sdk:4.5.1] AndroidManifest.xml:32:5-79
	android:name
		ADDED from [com.dji:dji-sdk:4.5.1] AndroidManifest.xml:32:22-76
uses-permission#android.permission.KILL_BACKGROUND_PROCESSES
ADDED from [com.dji:dji-sdk:4.5.1] AndroidManifest.xml:33:5-84
	android:name
		ADDED from [com.dji:dji-sdk:4.5.1] AndroidManifest.xml:33:22-81
uses-permission#android.permission.READ_LOGS
ADDED from [com.dji:dji-sdk:4.5.1] AndroidManifest.xml:34:5-68
	android:name
		ADDED from [com.dji:dji-sdk:4.5.1] AndroidManifest.xml:34:22-65
uses-permission#android.permission.VIBRATE
ADDED from [com.dji:dji-sdk:4.5.1] AndroidManifest.xml:35:5-66
	android:name
		ADDED from [com.dji:dji-sdk:4.5.1] AndroidManifest.xml:35:22-63
uses-permission#android.permission.GET_TASKS
ADDED from [com.dji:dji-sdk:4.5.1] AndroidManifest.xml:38:5-68
	android:name
		ADDED from [com.dji:dji-sdk:4.5.1] AndroidManifest.xml:38:22-65
uses-permission#android.permission.CHANGE_WIFI_STATE
ADDED from [com.dji:dji-sdk:4.5.1] AndroidManifest.xml:39:5-76
	android:name
		ADDED from [com.dji:dji-sdk:4.5.1] AndroidManifest.xml:39:22-73
uses-permission#android.permission.READ_PHONE_STATE
ADDED from [com.dji:dji-sdk:4.5.1] AndroidManifest.xml:40:5-75
	android:name
		ADDED from [com.dji:dji-sdk:4.5.1] AndroidManifest.xml:40:22-72
uses-permission#android.permission.MANAGE_ACCOUNTS
ADDED from [com.dji:dji-sdk:4.5.1] AndroidManifest.xml:41:5-74
	android:name
		ADDED from [com.dji:dji-sdk:4.5.1] AndroidManifest.xml:41:22-71
uses-permission#android.permission.GET_ACCOUNTS
ADDED from [com.dji:dji-sdk:4.5.1] AndroidManifest.xml:42:5-71
	android:name
		ADDED from [com.dji:dji-sdk:4.5.1] AndroidManifest.xml:42:22-68
uses-permission#android.permission.RAISED_THREAD_PRIORITY
ADDED from [com.dji:dji-sdk:4.5.1] AndroidManifest.xml:43:5-81
	android:name
		ADDED from [com.dji:dji-sdk:4.5.1] AndroidManifest.xml:43:22-78
uses-permission#android.permission.INTERACT_ACROSS_USERS_FULL
ADDED from [com.dji:dji-sdk:4.5.1] AndroidManifest.xml:44:5-85
	android:name
		ADDED from [com.dji:dji-sdk:4.5.1] AndroidManifest.xml:44:22-82
uses-permission#android.permission.USE_CREDENTIALS
ADDED from [com.dji:dji-sdk:4.5.1] AndroidManifest.xml:50:5-74
	android:name
		ADDED from [com.dji:dji-sdk:4.5.1] AndroidManifest.xml:50:22-71
uses-feature#android.hardware.usb.host
ADDED from [com.dji:dji-sdk:4.5.1] AndroidManifest.xml:53:5-55:36
	android:required
		ADDED from [com.dji:dji-sdk:4.5.1] AndroidManifest.xml:55:9-33
	android:name
		ADDED from [com.dji:dji-sdk:4.5.1] AndroidManifest.xml:54:9-49
uses-feature#android.hardware.usb.accessory
ADDED from [com.dji:dji-sdk:4.5.1] AndroidManifest.xml:56:5-58:35
	android:required
		ADDED from [com.dji:dji-sdk:4.5.1] AndroidManifest.xml:58:9-32
	android:name
		ADDED from [com.dji:dji-sdk:4.5.1] AndroidManifest.xml:57:9-54
service#dji.sdk.sdkmanager.DJIGlobalService
ADDED from [com.dji:dji-sdk:4.5.1] AndroidManifest.xml:61:9-63:43
	android:stopWithTask
		ADDED from [com.dji:dji-sdk:4.5.1] AndroidManifest.xml:63:13-40
	android:name
		ADDED from [com.dji:dji-sdk:4.5.1] AndroidManifest.xml:62:13-63
receiver#dji.logic.receiver.DJIPilotStartupReceiver
ADDED from [com.dji:dji-sdk:4.5.1] AndroidManifest.xml:65:9-72:20
	android:exported
		ADDED from [com.dji:dji-sdk:4.5.1] AndroidManifest.xml:67:13-36
	android:name
		ADDED from [com.dji:dji-sdk:4.5.1] AndroidManifest.xml:66:13-70
intent-filter#action:name:dji.go3.STARTUP+action:name:dji.go4.STARTUP
ADDED from [com.dji:dji-sdk:4.5.1] AndroidManifest.xml:68:13-71:29
action#dji.go3.STARTUP
ADDED from [com.dji:dji-sdk:4.5.1] AndroidManifest.xml:69:17-58
	android:name
		ADDED from [com.dji:dji-sdk:4.5.1] AndroidManifest.xml:69:25-55
action#dji.go4.STARTUP
ADDED from [com.dji:dji-sdk:4.5.1] AndroidManifest.xml:70:17-58
	android:name
		ADDED from [com.dji:dji-sdk:4.5.1] AndroidManifest.xml:70:25-55